#
# There is insufficient memory for the Java Runtime Environment to continue.
# Native memory allocation (mmap) failed to map 132120576 bytes for Failed to commit area from 0x0000000082200000 to 0x000000008a000000 of length 132120576.
# Possible reasons:
#   The system is out of physical RAM or swap space
#   The process is running with CompressedOops enabled, and the Java Heap may be blocking the growth of the native heap
# Possible solutions:
#   Reduce memory load on the system
#   Increase physical memory or swap space
#   Check if swap backing store is full
#   Decrease Java heap size (-Xmx/-Xms)
#   Decrease number of Java threads
#   Decrease Java thread stack sizes (-Xss)
#   Set larger code cache with -XX:ReservedCodeCacheSize=
# This output file may be truncated or incomplete.
#
#  Out of Memory Error (./src/hotspot/os/windows/os_windows.cpp:3301), pid=24872, tid=14612
#
# JRE version:  (11.0.10+9) (build )
# Java VM: Dynamic Code Evolution 64-Bit Server VM (11.0.10+9-b1341.35, mixed mode, sharing, tiered, compressed oops, g1 gc, windows-amd64)
# No core dump will be written. Minidumps are not enabled by default on client versions of Windows
#

---------------  S U M M A R Y ------------

Command Line: org.jetbrains.git4idea.http.GitAskPassApp Username for 'https://github.com': 

Host: Intel(R) Core(TM) i7-8650U CPU @ 1.90GHz, 8 cores, 7G,  Windows 10 , 64 bit Build 19041 (10.0.19041.804)
Time: Mon Apr 19 15:44:14 2021 Maroc elapsed time: 0.035186 seconds (0d 0h 0m 0s)

---------------  T H R E A D  ---------------

Current thread (0x000001cda6431000):  JavaThread "Unknown thread" [_thread_in_vm, id=14612, stack(0x000000852b200000,0x000000852b300000)]

Stack: [0x000000852b200000,0x000000852b300000]
Native frames: (J=compiled Java code, j=interpreted, Vv=VM code, C=native code)
V  [jvm.dll+0x5f84fa]
V  [jvm.dll+0x77e085]
V  [jvm.dll+0x77f5dd]
V  [jvm.dll+0x77fc93]
V  [jvm.dll+0x2457e8]
V  [jvm.dll+0x5f58f4]
V  [jvm.dll+0x5ea975]
V  [jvm.dll+0x30228b]
V  [jvm.dll+0x3021fa]
V  [jvm.dll+0x3020d2]
V  [jvm.dll+0x306fb6]
V  [jvm.dll+0x34f843]
V  [jvm.dll+0x34ff46]
V  [jvm.dll+0x34f943]
V  [jvm.dll+0x2dbcb8]
V  [jvm.dll+0x2dce57]
V  [jvm.dll+0x75c4d7]
V  [jvm.dll+0x75dd6c]
V  [jvm.dll+0x35cdb9]
V  [jvm.dll+0x73fc9e]
V  [jvm.dll+0x3c5663]
V  [jvm.dll+0x3c7a21]
C  [jli.dll+0x5373]
C  [ucrtbase.dll+0x21bb2]
C  [KERNEL32.DLL+0x17034]
C  [ntdll.dll+0x52651]


---------------  P R O C E S S  ---------------

Threads class SMR info:
_java_thread_list=0x000001cda4192bb0, length=0, elements={
}

Java Threads: ( => current thread )

Other Threads:
  0x000001cda6444800 GCTaskThread "GC Thread#0" [stack: 0x000000852b300000,0x000000852b400000] [id=21708]
  0x000001cda6476800 ConcurrentGCThread "G1 Main Marker" [stack: 0x000000852b400000,0x000000852b500000] [id=35124]
  0x000001cda647b000 ConcurrentGCThread "G1 Conc#0" [stack: 0x000000852b500000,0x000000852b600000] [id=41484]

[error occurred during error reporting (printing all threads), id 0xc0000005, EXCEPTION_ACCESS_VIOLATION (0xc0000005) at pc=0x00007fffb560c437]

VM state:not at safepoint (not fully initialized)

VM Mutex/Monitor currently owned by a thread:  ([mutex/lock_event])
[0x000001cda642e9f0] Heap_lock - owner thread: 0x000001cda6431000

Heap address: 0x0000000082200000, size: 2014 MB, Compressed Oops mode: Non-zero based: 0x0000000082200000
Narrow klass base: 0x0000000000000000, Narrow klass shift: 0

GC Heap History (0 events):
No events

Deoptimization events (0 events):
No events

Classes redefined (0 events):
No events

Internal exceptions (0 events):
No events

Events (1 events):
Event: 0.015 Loaded shared library C:\Program Files\JetBrains\IntelliJ IDEA 2020.2.3\jbr\bin\zip.dll


Dynamic libraries:
0x00007ff6026c0000 - 0x00007ff6026ca000 	C:\Program Files\JetBrains\IntelliJ IDEA 2020.2.3\jbr\bin\java.exe
0x00007fffef510000 - 0x00007fffef705000 	C:\WINDOWS\SYSTEM32\ntdll.dll
0x00007fffef110000 - 0x00007fffef1cd000 	C:\WINDOWS\System32\KERNEL32.DLL
0x00007fffed270000 - 0x00007fffed539000 	C:\WINDOWS\System32\KERNELBASE.dll
0x00007fffece70000 - 0x00007fffecf70000 	C:\WINDOWS\System32\ucrtbase.dll
0x00007fffcb9a0000 - 0x00007fffcb9b7000 	C:\Program Files\JetBrains\IntelliJ IDEA 2020.2.3\jbr\bin\VCRUNTIME140.dll
0x00007fffe4510000 - 0x00007fffe4529000 	C:\Program Files\JetBrains\IntelliJ IDEA 2020.2.3\jbr\bin\jli.dll
0x00007fffee480000 - 0x00007fffee620000 	C:\WINDOWS\System32\USER32.dll
0x00007fffd5850000 - 0x00007fffd5aea000 	C:\WINDOWS\WinSxS\amd64_microsoft.windows.common-controls_6595b64144ccf1df_6.0.19041.844_none_ca00b6081b84eb1d\COMCTL32.dll
0x00007fffed540000 - 0x00007fffed562000 	C:\WINDOWS\System32\win32u.dll
0x00007fffeedd0000 - 0x00007fffeee6e000 	C:\WINDOWS\System32\msvcrt.dll
0x00007fffeee70000 - 0x00007fffeee9a000 	C:\WINDOWS\System32\GDI32.dll
0x00007fffecf70000 - 0x00007fffed07b000 	C:\WINDOWS\System32\gdi32full.dll
0x00007fffecd80000 - 0x00007fffece1d000 	C:\WINDOWS\System32\msvcp_win.dll
0x00007fffef0e0000 - 0x00007fffef110000 	C:\WINDOWS\System32\IMM32.DLL
0x00007fffcb6c0000 - 0x00007fffcb75d000 	C:\Program Files\JetBrains\IntelliJ IDEA 2020.2.3\jbr\bin\msvcp140.dll
0x00007fffb5320000 - 0x00007fffb5e6f000 	C:\Program Files\JetBrains\IntelliJ IDEA 2020.2.3\jbr\bin\server\jvm.dll
0x00007fffef240000 - 0x00007fffef2ec000 	C:\WINDOWS\System32\ADVAPI32.dll
0x00007fffef2f0000 - 0x00007fffef38c000 	C:\WINDOWS\System32\sechost.dll
0x00007fffed5d0000 - 0x00007fffed6fb000 	C:\WINDOWS\System32\RPCRT4.dll
0x00007fffee470000 - 0x00007fffee478000 	C:\WINDOWS\System32\PSAPI.DLL
0x00007fffd9aa0000 - 0x00007fffd9ac7000 	C:\WINDOWS\SYSTEM32\WINMM.dll
0x00007fffd0aa0000 - 0x00007fffd0aa9000 	C:\WINDOWS\SYSTEM32\WSOCK32.dll
0x00007fffe2fc0000 - 0x00007fffe2fca000 	C:\WINDOWS\SYSTEM32\VERSION.dll
0x00007fffef1d0000 - 0x00007fffef23b000 	C:\WINDOWS\System32\WS2_32.dll
0x00007fffeb560000 - 0x00007fffeb572000 	C:\WINDOWS\SYSTEM32\kernel.appcore.dll
0x00007fffe2e50000 - 0x00007fffe2e61000 	C:\Program Files\JetBrains\IntelliJ IDEA 2020.2.3\jbr\bin\verify.dll
0x00007fffe7900000 - 0x00007fffe7ae4000 	C:\WINDOWS\SYSTEM32\DBGHELP.DLL
0x00007fffe2510000 - 0x00007fffe253c000 	C:\WINDOWS\SYSTEM32\dbgcore.DLL
0x00007fffecc50000 - 0x00007fffeccd0000 	C:\WINDOWS\System32\bcryptPrimitives.dll
0x00007fffe1280000 - 0x00007fffe12a9000 	C:\Program Files\JetBrains\IntelliJ IDEA 2020.2.3\jbr\bin\java.dll
0x00007fffe6fe0000 - 0x00007fffe6feb000 	C:\Program Files\JetBrains\IntelliJ IDEA 2020.2.3\jbr\bin\jimage.dll
0x00007fffd9750000 - 0x00007fffd9768000 	C:\Program Files\JetBrains\IntelliJ IDEA 2020.2.3\jbr\bin\zip.dll

dbghelp: loaded successfully - version: 4.0.5 - missing functions: none
symbol engine: initialized successfully - sym options: 0x614 - pdb path: .;C:\Program Files\JetBrains\IntelliJ IDEA 2020.2.3\jbr\bin;C:\WINDOWS\SYSTEM32;C:\WINDOWS\WinSxS\amd64_microsoft.windows.common-controls_6595b64144ccf1df_6.0.19041.844_none_ca00b6081b84eb1d;C:\Program Files\JetBrains\IntelliJ IDEA 2020.2.3\jbr\bin\server

VM Arguments:
java_command: org.jetbrains.git4idea.http.GitAskPassApp Username for 'https://github.com': 
java_class_path (initial): C:/Program Files/JetBrains/IntelliJ IDEA 2020.2.3/plugins/git4idea/lib/git4idea-rt.jar;C:/Program Files/JetBrains/IntelliJ IDEA 2020.2.3/lib/xmlrpc-2.0.1.jar;C:/Program Files/JetBrains/IntelliJ IDEA 2020.2.3/lib/commons-codec-1.15.jar
Launcher Type: SUN_STANDARD

[Global flags]
     intx CICompilerCount                          = 4                                         {product} {ergonomic}
     uint ConcGCThreads                            = 2                                         {product} {ergonomic}
     uint G1ConcRefinementThreads                  = 8                                         {product} {ergonomic}
   size_t G1HeapRegionSize                         = 1048576                                   {product} {ergonomic}
    uintx GCDrainStackTargetSize                   = 64                                        {product} {ergonomic}
   size_t InitialHeapSize                          = 132120576                                 {product} {ergonomic}
   size_t MarkStackSize                            = 4194304                                   {product} {ergonomic}
   size_t MaxHeapSize                              = 2111832064                                {product} {ergonomic}
   size_t MinHeapDeltaBytes                        = 1048576                                   {product} {ergonomic}
    uintx NonNMethodCodeHeapSize                   = 5836300                                {pd product} {ergonomic}
    uintx NonProfiledCodeHeapSize                  = 122910970                              {pd product} {ergonomic}
    uintx ProfiledCodeHeapSize                     = 122910970                              {pd product} {ergonomic}
    uintx ReservedCodeCacheSize                    = 251658240                              {pd product} {ergonomic}
     bool SegmentedCodeCache                       = true                                      {product} {ergonomic}
     bool UseCompressedClassPointers               = true                                 {lp64_product} {ergonomic}
     bool UseCompressedOops                        = true                                 {lp64_product} {ergonomic}
     bool UseG1GC                                  = true                                      {product} {ergonomic}
     bool UseLargePagesIndividualAllocation        = false                                  {pd product} {ergonomic}

Logging:
Log output configuration:
 #0: stdout all=warning uptime,level,tags
 #1: stderr all=off uptime,level,tags

Environment Variables:
PATH=C:\Users\Youcode\AppData\Local\Programs\Git\mingw64\libexec\git-core;C:\Users\Youcode\AppData\Local\Programs\Git\mingw64\libexec\git-core;C:\Users\Youcode\AppData\Local\Programs\Git\mingw64\bin;C:\Users\Youcode\AppData\Local\Programs\Git\usr\bin;C:\Users\Youcode\bin;C:\Program Files (x86)\Common Files\Oracle\Java\javapath;C:\WINDOWS\system32;C:\WINDOWS;C:\WINDOWS\System32\Wbem;C:\WINDOWS\System32\WindowsPowerShell\v1.0;C:\WINDOWS\System32\OpenSSH;C:\Program Files\Intel\WiFi\bin;C:\Program Files\Common Files\Intel\WirelessCommon;C:\Program Files (x86)\Intel\Intel(R) Management Engine Components\DAL;C:\Program Files\Intel\Intel(R) Management Engine Components\DAL;C:\Program Files\Perforce;C:\Program Files\nodejs;C:\xampp1\php;C:\composer;C:\Users\Youcode\AppData\Local\Microsoft\WindowsApps;C:\Users\Youcode\AppData\Local\GitHubDesktop\bin;C:\Users\Youcode\AppData\Local\Programs\Git\cmd;C:\Users\Youcode\AppData\Roaming\npm;C:\Users\Youcode\AppData\Local\Programs\Microsoft VS Code\bin;%USERPROFILE%\AppData\Local\Microsoft\WindowsApps
USERNAME=Hamza
DISPLAY=:0.0
LC_ALL=en_US.UTF-8
OS=Windows_NT
PROCESSOR_IDENTIFIER=Intel64 Family 6 Model 142 Stepping 10, GenuineIntel



---------------  S Y S T E M  ---------------

OS: Windows 10 , 64 bit Build 19041 (10.0.19041.804)
OS uptime: 21 days 15:32 hours

CPU:total 8 (initial active 8) (4 cores per cpu, 2 threads per core) family 6 model 142 stepping 10 microcode 0xb4, cmov, cx8, fxsr, mmx, sse, sse2, sse3, ssse3, sse4.1, sse4.2, popcnt, avx, avx2, aes, clmul, erms, rtm, 3dnowpref, lzcnt, ht, tsc, tscinvbit, bmi1, bmi2, adx, fma

Memory: 4k page, system-wide physical 8051M (612M free)
TotalPageFile size 32627M (AvailPageFile size 108M)
current process WorkingSet (physical memory assigned to process): 9M, peak: 9M
current process commit charge ("private bytes"): 59M, peak: 185M

vm_info: Dynamic Code Evolution 64-Bit Server VM (11.0.10+9-b1341.35) for windows-amd64 JRE (11.0.10+9-b1341.35), built on Mar 31 2021 02:11:12 by "" with MS VC++ 14.0 (VS2015)

END.
